{"total": {"lines":{"total":822,"covered":667,"skipped":0,"pct":81.14},"statements":{"total":839,"covered":681,"skipped":0,"pct":81.16},"functions":{"total":139,"covered":124,"skipped":0,"pct":89.2},"branches":{"total":540,"covered":402,"skipped":0,"pct":74.44},"branchesTrue":{"total":0,"covered":0,"skipped":0,"pct":"Unknown"}}
,"C:\\Users\\Santi\\Documents\\VisualStudio\\Testing\\MCPServerUI5\\src\\utils\\errors.js": {"lines":{"total":9,"covered":4,"skipped":0,"pct":44.44},"functions":{"total":2,"covered":1,"skipped":0,"pct":50},"statements":{"total":9,"covered":4,"skipped":0,"pct":44.44},"branches":{"total":9,"covered":4,"skipped":0,"pct":44.44}}
,"C:\\Users\\Santi\\Documents\\VisualStudio\\Testing\\MCPServerUI5\\src\\utils\\fileSystem.js": {"lines":{"total":59,"covered":49,"skipped":0,"pct":83.05},"functions":{"total":9,"covered":8,"skipped":0,"pct":88.88},"statements":{"total":59,"covered":49,"skipped":0,"pct":83.05},"branches":{"total":36,"covered":29,"skipped":0,"pct":80.55}}
,"C:\\Users\\Santi\\Documents\\VisualStudio\\Testing\\MCPServerUI5\\src\\utils\\http.js": {"lines":{"total":12,"covered":8,"skipped":0,"pct":66.66},"functions":{"total":2,"covered":1,"skipped":0,"pct":50},"statements":{"total":13,"covered":8,"skipped":0,"pct":61.53},"branches":{"total":7,"covered":4,"skipped":0,"pct":57.14}}
,"C:\\Users\\Santi\\Documents\\VisualStudio\\Testing\\MCPServerUI5\\src\\utils\\logger.js": {"lines":{"total":14,"covered":0,"skipped":0,"pct":0},"functions":{"total":6,"covered":0,"skipped":0,"pct":0},"statements":{"total":14,"covered":0,"skipped":0,"pct":0},"branches":{"total":2,"covered":0,"skipped":0,"pct":0}}
,"C:\\Users\\Santi\\Documents\\VisualStudio\\Testing\\MCPServerUI5\\src\\utils\\manifestSync.js": {"lines":{"total":104,"covered":85,"skipped":0,"pct":81.73},"functions":{"total":21,"covered":21,"skipped":0,"pct":100},"statements":{"total":109,"covered":90,"skipped":0,"pct":82.56},"branches":{"total":89,"covered":71,"skipped":0,"pct":79.77}}
,"C:\\Users\\Santi\\Documents\\VisualStudio\\Testing\\MCPServerUI5\\src\\utils\\parser.js": {"lines":{"total":156,"covered":117,"skipped":0,"pct":75},"functions":{"total":26,"covered":24,"skipped":0,"pct":92.3},"statements":{"total":157,"covered":118,"skipped":0,"pct":75.15},"branches":{"total":104,"covered":70,"skipped":0,"pct":67.3}}
,"C:\\Users\\Santi\\Documents\\VisualStudio\\Testing\\MCPServerUI5\\src\\utils\\patchWriter.js": {"lines":{"total":153,"covered":130,"skipped":0,"pct":84.96},"functions":{"total":21,"covered":19,"skipped":0,"pct":90.47},"statements":{"total":159,"covered":134,"skipped":0,"pct":84.27},"branches":{"total":70,"covered":52,"skipped":0,"pct":74.28}}
,"C:\\Users\\Santi\\Documents\\VisualStudio\\Testing\\MCPServerUI5\\src\\utils\\refactor.js": {"lines":{"total":108,"covered":93,"skipped":0,"pct":86.11},"functions":{"total":22,"covered":20,"skipped":0,"pct":90.9},"statements":{"total":108,"covered":93,"skipped":0,"pct":86.11},"branches":{"total":80,"covered":59,"skipped":0,"pct":73.75}}
,"C:\\Users\\Santi\\Documents\\VisualStudio\\Testing\\MCPServerUI5\\src\\utils\\validator.js": {"lines":{"total":91,"covered":77,"skipped":0,"pct":84.61},"functions":{"total":17,"covered":17,"skipped":0,"pct":100},"statements":{"total":94,"covered":80,"skipped":0,"pct":85.1},"branches":{"total":56,"covered":42,"skipped":0,"pct":75}}
,"C:\\Users\\Santi\\Documents\\VisualStudio\\Testing\\MCPServerUI5\\src\\utils\\xmlParser.js": {"lines":{"total":116,"covered":104,"skipped":0,"pct":89.65},"functions":{"total":13,"covered":13,"skipped":0,"pct":100},"statements":{"total":117,"covered":105,"skipped":0,"pct":89.74},"branches":{"total":87,"covered":71,"skipped":0,"pct":81.6}}
}
